[debug] [2021-09-21T13:36:45.919Z] ----------------------------------------------------------------------
[debug] [2021-09-21T13:36:45.921Z] Command:       /usr/local/bin/node /usr/local/bin/firebase emulators:start
[debug] [2021-09-21T13:36:45.921Z] CLI Version:   7.12.1
[debug] [2021-09-21T13:36:45.921Z] Platform:      darwin
[debug] [2021-09-21T13:36:45.921Z] Node Version:  v14.17.0
[debug] [2021-09-21T13:36:45.930Z] Time:          Tue Sep 21 2021 19:06:45 GMT+0530 (India Standard Time)
[debug] [2021-09-21T13:36:45.930Z] ----------------------------------------------------------------------
[debug] [2021-09-21T13:36:45.930Z] 
[debug] [2021-09-21T13:36:45.949Z] > command requires scopes: ["email","openid","https://www.googleapis.com/auth/cloudplatformprojects.readonly","https://www.googleapis.com/auth/firebase","https://www.googleapis.com/auth/cloud-platform"]
[debug] [2021-09-21T13:36:45.950Z] > authorizing via signed-in user
[info] i  emulators: Starting emulators: functions, firestore, hosting
[warn] ⚠  Your requested "node" version "8" doesn't match your global version "14"
[info] ✔  functions: Emulator started at http://localhost:5001
[debug] [2021-09-21T13:36:46.320Z] Ignoring unsupported arg: projectId
[debug] [2021-09-21T13:36:46.320Z] Ignoring unsupported arg: auto_download
[debug] [2021-09-21T13:36:46.320Z] Starting emulator firestore with command {"binary":"java","args":["-Duser.language=en","-jar","/Users/sagar.dhandhalya/.cache/firebase/emulators/cloud-firestore-emulator-v1.10.2.jar","--host","localhost","--port",8080,"--rules","/Users/sagar.dhandhalya/Documents/Learning/React Projects/NLingo-Snippets/firestore.rules","--functions_emulator","localhost:5001"],"optionalArgs":["port","webchannel_port","host","rules","functions_emulator"],"joinArgs":false}
[info] i  firestore: Emulator logging to firestore-debug.log
[debug] [2021-09-21T13:36:51.672Z] API endpoint: http://localhost
[debug] [2021-09-21T13:36:51.672Z] :8080
If you are using a library that supports the FIRESTORE_EMULATOR_HOST environment variable, run:

   export FIRESTORE_EMULATOR_HOST=localhost:8080

Dev App Server is now running.


[info] ✔  firestore: Emulator started at http://localhost:8080
[info] i  firestore: For testing set FIRESTORE_EMULATOR_HOST=localhost:8080
[debug] [2021-09-21T13:36:51.952Z] >>> HTTP REQUEST GET https://firebase.googleapis.com/v1beta1/projects/nlingo-52076/webApps/-/config  
 
[debug] [2021-09-21T13:36:53.873Z] <<< HTTP RESPONSE 200
[info] i  hosting: Serving hosting files from: build
[info] ✔  hosting: Local server: http://localhost:5000
[info] ✔  hosting: Emulator started at http://localhost:5000
[info] i  functions: Watching "/Users/sagar.dhandhalya/Documents/Learning/React Projects/NLingo-Snippets/functions" for Cloud Functions...
[debug] [2021-09-21T13:36:54.478Z] [worker-pool] addWorker(~diagnostic~)
[debug] [2021-09-21T13:36:54.478Z] [worker-pool] Adding worker with key ~diagnostic~, total=1
[debug] [2021-09-21T13:36:54.479Z] [worker-pool] submitWork(triggerId=)
[debug] [2021-09-21T13:36:54.479Z] [worker-~diagnostic~-9c7643a4-1490-4e4e-aea0-bed34ed0ee96]: Assigning socketPath: /var/folders/tv/dlzqfx7d3jj3l93q4lfmdj6m0000gp/T/fire_emu_7970.sock
[debug] [2021-09-21T13:36:54.480Z] [worker-~diagnostic~-9c7643a4-1490-4e4e-aea0-bed34ed0ee96]: BUSY
[debug] [2021-09-21T13:36:55.490Z] [runtime-status] [7970] Functions runtime initialized. {"cwd":"/Users/sagar.dhandhalya/Documents/Learning/React Projects/NLingo-Snippets/functions","node_version":"14.17.0"}
[info] >  (node:7970) Warning: Accessing non-existent property 'padLevels' of module exports inside circular dependency
[info] >  (Use `node --trace-warnings ...` to show where the warning was created)
[debug] [2021-09-21T13:36:55.491Z] [runtime-status] [7970] Disabled runtime features: undefined
[debug] [2021-09-21T13:36:55.540Z] [runtime-status] [7970] Resolved module firebase-admin {"declared":true,"installed":true,"version":"8.13.0","resolution":"/Users/sagar.dhandhalya/Documents/Learning/React Projects/NLingo-Snippets/functions/node_modules/firebase-admin/lib/index.js"}
[debug] [2021-09-21T13:36:55.585Z] [runtime-status] [7970] Resolved module firebase-functions {"declared":true,"installed":true,"version":"3.15.7","resolution":"/Users/sagar.dhandhalya/Documents/Learning/React Projects/NLingo-Snippets/functions/node_modules/firebase-functions/lib/index.js"}
[debug] [2021-09-21T13:37:03.295Z] [runtime-status] [7970] Found google-gax at /Users/sagar.dhandhalya/Documents/Learning/React Projects/NLingo-Snippets/functions/node_modules/google-gax/build/src/index.js
[debug] [2021-09-21T13:37:03.296Z] [runtime-status] [7970] Outgoing network have been stubbed. [{"name":"http","status":"mocked"},{"name":"http","status":"mocked"},{"name":"https","status":"mocked"},{"name":"https","status":"mocked"},{"name":"net","status":"mocked"},{"name":"google-gax","status":"mocked"}]
[debug] [2021-09-21T13:37:04.607Z] [runtime-status] [7970] Checked functions.config() {"config":{}}
[debug] [2021-09-21T13:37:04.609Z] [runtime-status] [7970] Error in handleMessage: {"frb":{"cwd":"/Users/sagar.dhandhalya/Documents/Learning/React Projects/NLingo-Snippets/functions","projectId":"nlingo-52076","triggerId":"","ports":{"firestore":8080},"socketPath":"/var/folders/tv/dlzqfx7d3jj3l93q4lfmdj6m0000gp/T/fire_emu_7970.sock"},"opts":{"nodeBinary":"/usr/local/bin/node"}} => TypeError: Cannot set property config of #<Object> which has only a getter: TypeError: Cannot set property config of #<Object> which has only a getter
    at /usr/local/lib/node_modules/firebase-tools/lib/emulator/functionsEmulatorRuntime.js:513:19
    at Generator.next (<anonymous>)
    at fulfilled (/usr/local/lib/node_modules/firebase-tools/lib/emulator/functionsEmulatorRuntime.js:4:58)
    at processTicksAndRejections (internal/process/task_queues.js:95:5)
[warn] ⚠  functions:
[warn] ⚠  Your function was killed because it raised an unhandled error.
[debug] [2021-09-21T13:37:04.618Z] [worker-~diagnostic~-9c7643a4-1490-4e4e-aea0-bed34ed0ee96]: exited
[debug] [2021-09-21T13:37:04.618Z] [worker-~diagnostic~-9c7643a4-1490-4e4e-aea0-bed34ed0ee96]: FINISHED
[debug] [2021-09-21T13:38:54.503Z] File /Users/sagar.dhandhalya/Documents/Learning/React Projects/NLingo-Snippets/functions/tsconfig.json changed, reloading triggers
[debug] [2021-09-21T13:38:55.505Z] [worker-pool] Cleaned up workers for ~diagnostic~: 1 --> 0
[debug] [2021-09-21T13:38:55.514Z] [worker-pool] addWorker(~diagnostic~)
[debug] [2021-09-21T13:38:55.514Z] [worker-pool] Adding worker with key ~diagnostic~, total=1
[debug] [2021-09-21T13:38:55.515Z] [worker-pool] submitWork(triggerId=)
[debug] [2021-09-21T13:38:55.515Z] [worker-~diagnostic~-9cab6580-6640-43d2-9327-5b29c3fcd8a4]: Assigning socketPath: /var/folders/tv/dlzqfx7d3jj3l93q4lfmdj6m0000gp/T/fire_emu_8000.sock
[debug] [2021-09-21T13:38:55.515Z] [worker-~diagnostic~-9cab6580-6640-43d2-9327-5b29c3fcd8a4]: BUSY
[debug] [2021-09-21T13:38:57.395Z] [runtime-status] [8000] Functions runtime initialized. {"cwd":"/Users/sagar.dhandhalya/Documents/Learning/React Projects/NLingo-Snippets/functions","node_version":"14.17.0"}
[info] >  (node:8000) Warning: Accessing non-existent property 'padLevels' of module exports inside circular dependency
[info] >  (Use `node --trace-warnings ...` to show where the warning was created)
[debug] [2021-09-21T13:38:57.400Z] [runtime-status] [8000] Disabled runtime features: undefined
[debug] [2021-09-21T13:38:57.481Z] [runtime-status] [8000] Resolved module firebase-admin {"declared":true,"installed":true,"version":"8.13.0","resolution":"/Users/sagar.dhandhalya/Documents/Learning/React Projects/NLingo-Snippets/functions/node_modules/firebase-admin/lib/index.js"}
[debug] [2021-09-21T13:38:57.492Z] [runtime-status] [8000] Resolved module firebase-functions {"declared":true,"installed":true,"version":"3.15.7","resolution":"/Users/sagar.dhandhalya/Documents/Learning/React Projects/NLingo-Snippets/functions/node_modules/firebase-functions/lib/index.js"}
[debug] [2021-09-21T13:38:58.649Z] [runtime-status] [8000] Found google-gax at /Users/sagar.dhandhalya/Documents/Learning/React Projects/NLingo-Snippets/functions/node_modules/google-gax/build/src/index.js
[debug] [2021-09-21T13:38:58.650Z] [runtime-status] [8000] Outgoing network have been stubbed. [{"name":"http","status":"mocked"},{"name":"http","status":"mocked"},{"name":"https","status":"mocked"},{"name":"https","status":"mocked"},{"name":"net","status":"mocked"},{"name":"google-gax","status":"mocked"}]
[debug] [2021-09-21T13:38:58.789Z] [runtime-status] [8000] Checked functions.config() {"config":{}}
[debug] [2021-09-21T13:38:58.789Z] [runtime-status] [8000] Error in handleMessage: {"frb":{"cwd":"/Users/sagar.dhandhalya/Documents/Learning/React Projects/NLingo-Snippets/functions","projectId":"nlingo-52076","triggerId":"","ports":{"firestore":8080},"socketPath":"/var/folders/tv/dlzqfx7d3jj3l93q4lfmdj6m0000gp/T/fire_emu_8000.sock"},"opts":{"nodeBinary":"/usr/local/bin/node"}} => TypeError: Cannot set property config of #<Object> which has only a getter: TypeError: Cannot set property config of #<Object> which has only a getter
    at /usr/local/lib/node_modules/firebase-tools/lib/emulator/functionsEmulatorRuntime.js:513:19
    at Generator.next (<anonymous>)
    at fulfilled (/usr/local/lib/node_modules/firebase-tools/lib/emulator/functionsEmulatorRuntime.js:4:58)
    at processTicksAndRejections (internal/process/task_queues.js:95:5)
[warn] ⚠  functions:
[warn] ⚠  Your function was killed because it raised an unhandled error.
[debug] [2021-09-21T13:38:58.796Z] [worker-~diagnostic~-9cab6580-6640-43d2-9327-5b29c3fcd8a4]: exited
[debug] [2021-09-21T13:38:58.796Z] [worker-~diagnostic~-9cab6580-6640-43d2-9327-5b29c3fcd8a4]: FINISHED
